# JRE version: Java(TM) SE Runtime Environment (8.0_191-b12) (build 1.8.0_191-b12)
# Java VM: Java HotSpot(TM) 64-Bit Server VM (25.191-b12 mixed mode windows-amd64 compressed oops)
Heap:
 PSYoungGen      total 65024K, used 15514K [0x00000000d5d00000, 0x00000000de700000, 0x0000000100000000)
  eden space 59904K, 20% used [0x00000000d5d00000,0x00000000d68c6bd0,0x00000000d9780000)
  from space 5120K, 67% used [0x00000000da300000,0x00000000da660000,0x00000000da800000)
  to   space 11776K, 0% used [0x00000000d9780000,0x00000000d9780000,0x00000000da300000)
 ParOldGen       total 54272K, used 7795K [0x0000000081600000, 0x0000000084b00000, 0x00000000d5d00000)
  object space 54272K, 14% used [0x0000000081600000,0x0000000081d9cda0,0x0000000084b00000)
 Metaspace       used 22087K, capacity 22422K, committed 22576K, reserved 1069056K
  class space    used 2775K, capacity 2870K, committed 2944K, reserved 1048576K
GC Heap History (10 events):
Event: 14.750 GC heap before
{Heap before GC invocations=5 (full 0):
 PSYoungGen      total 71680K, used 71648K [0x00000000d5d00000, 0x00000000da800000, 0x0000000100000000)
  eden space 66560K, 100% used [0x00000000d5d00000,0x00000000d9e00000,0x00000000d9e00000)
  from space 5120K, 99% used [0x00000000da300000,0x00000000da7f8020,0x00000000da800000)
  to   space 5120K, 0% used [0x00000000d9e00000,0x00000000d9e00000,0x00000000da300000)
 ParOldGen       total 87552K, used 3816K [0x0000000081600000, 0x0000000086b80000, 0x00000000d5d00000)
  object space 87552K, 4% used [0x0000000081600000,0x00000000819ba1d8,0x0000000086b80000)
 Metaspace       used 18613K, capacity 18890K, committed 19328K, reserved 1067008K
  class space    used 2227K, capacity 2308K, committed 2432K, reserved 1048576K
Event: 14.784 GC heap after
Heap after GC invocations=5 (full 0):
 PSYoungGen      total 71680K, used 5088K [0x00000000d5d00000, 0x00000000da800000, 0x0000000100000000)
  eden space 66560K, 0% used [0x00000000d5d00000,0x00000000d5d00000,0x00000000d9e00000)
  from space 5120K, 99% used [0x00000000d9e00000,0x00000000da2f8038,0x00000000da300000)
  to   space 5120K, 0% used [0x00000000da300000,0x00000000da300000,0x00000000da800000)
 ParOldGen       total 87552K, used 9453K [0x0000000081600000, 0x0000000086b80000, 0x00000000d5d00000)
  object space 87552K, 10% used [0x0000000081600000,0x0000000081f3b5b0,0x0000000086b80000)
 Metaspace       used 18613K, capacity 18890K, committed 19328K, reserved 1067008K
  class space    used 2227K, capacity 2308K, committed 2432K, reserved 1048576K
}
Event: 16.396 GC heap before
{Heap before GC invocations=6 (full 0):
 PSYoungGen      total 71680K, used 71648K [0x00000000d5d00000, 0x00000000da800000, 0x0000000100000000)
  eden space 66560K, 100% used [0x00000000d5d00000,0x00000000d9e00000,0x00000000d9e00000)
  from space 5120K, 99% used [0x00000000d9e00000,0x00000000da2f8038,0x00000000da300000)
  to   space 5120K, 0% used [0x00000000da300000,0x00000000da300000,0x00000000da800000)
 ParOldGen       total 87552K, used 9453K [0x0000000081600000, 0x0000000086b80000, 0x00000000d5d00000)
  object space 87552K, 10% used [0x0000000081600000,0x0000000081f3b5b0,0x0000000086b80000)
 Metaspace       used 19623K, capacity 19998K, committed 20224K, reserved 1067008K
  class space    used 2354K, capacity 2450K, committed 2560K, reserved 1048576K
Event: 16.426 GC heap after
Heap after GC invocations=6 (full 0):
 PSYoungGen      total 71680K, used 5102K [0x00000000d5d00000, 0x00000000da800000, 0x0000000100000000)
  eden space 66560K, 0% used [0x00000000d5d00000,0x00000000d5d00000,0x00000000d9e00000)
  from space 5120K, 99% used [0x00000000da300000,0x00000000da7fbbb8,0x00000000da800000)
  to   space 5120K, 0% used [0x00000000d9e00000,0x00000000d9e00000,0x00000000da300000)
 ParOldGen       total 87552K, used 14341K [0x0000000081600000, 0x0000000086b80000, 0x00000000d5d00000)
  object space 87552K, 16% used [0x0000000081600000,0x00000000824014e8,0x0000000086b80000)
 Metaspace       used 19623K, capacity 19998K, committed 20224K, reserved 1067008K
  class space    used 2354K, capacity 2450K, committed 2560K, reserved 1048576K
}
Event: 17.164 GC heap before
{Heap before GC invocations=7 (full 0):
 PSYoungGen      total 71680K, used 35297K [0x00000000d5d00000, 0x00000000da800000, 0x0000000100000000)
  eden space 66560K, 45% used [0x00000000d5d00000,0x00000000d7a7ca60,0x00000000d9e00000)
  from space 5120K, 99% used [0x00000000da300000,0x00000000da7fbbb8,0x00000000da800000)
  to   space 5120K, 0% used [0x00000000d9e00000,0x00000000d9e00000,0x00000000da300000)
 ParOldGen       total 87552K, used 14341K [0x0000000081600000, 0x0000000086b80000, 0x00000000d5d00000)
  object space 87552K, 16% used [0x0000000081600000,0x00000000824014e8,0x0000000086b80000)
 Metaspace       used 20857K, capacity 21174K, committed 21296K, reserved 1069056K
  class space    used 2539K, capacity 2646K, committed 2688K, reserved 1048576K
Event: 17.192 GC heap after
Heap after GC invocations=7 (full 0):
 PSYoungGen      total 71680K, used 4979K [0x00000000d5d00000, 0x00000000da800000, 0x0000000100000000)
  eden space 66560K, 0% used [0x00000000d5d00000,0x00000000d5d00000,0x00000000d9e00000)
  from space 5120K, 97% used [0x00000000d9e00000,0x00000000da2dcc48,0x00000000da300000)
  to   space 5120K, 0% used [0x00000000da300000,0x00000000da300000,0x00000000da800000)
 ParOldGen       total 87552K, used 16362K [0x0000000081600000, 0x0000000086b80000, 0x00000000d5d00000)
  object space 87552K, 18% used [0x0000000081600000,0x00000000825faaa0,0x0000000086b80000)
 Metaspace       used 20857K, capacity 21174K, committed 21296K, reserved 1069056K
  class space    used 2539K, capacity 2646K, committed 2688K, reserved 1048576K
}
Event: 17.192 GC heap before
{Heap before GC invocations=8 (full 1):
 PSYoungGen      total 71680K, used 4979K [0x00000000d5d00000, 0x00000000da800000, 0x0000000100000000)
  eden space 66560K, 0% used [0x00000000d5d00000,0x00000000d5d00000,0x00000000d9e00000)
  from space 5120K, 97% used [0x00000000d9e00000,0x00000000da2dcc48,0x00000000da300000)
  to   space 5120K, 0% used [0x00000000da300000,0x00000000da300000,0x00000000da800000)
 ParOldGen       total 87552K, used 16362K [0x0000000081600000, 0x0000000086b80000, 0x00000000d5d00000)
  object space 87552K, 18% used [0x0000000081600000,0x00000000825faaa0,0x0000000086b80000)
 Metaspace       used 20857K, capacity 21174K, committed 21296K, reserved 1069056K
  class space    used 2539K, capacity 2646K, committed 2688K, reserved 1048576K
Event: 17.288 GC heap after
Heap after GC invocations=8 (full 1):
 PSYoungGen      total 71680K, used 0K [0x00000000d5d00000, 0x00000000da800000, 0x0000000100000000)
  eden space 66560K, 0% used [0x00000000d5d00000,0x00000000d5d00000,0x00000000d9e00000)
  from space 5120K, 0% used [0x00000000d9e00000,0x00000000d9e00000,0x00000000da300000)
  to   space 5120K, 0% used [0x00000000da300000,0x00000000da300000,0x00000000da800000)
 ParOldGen       total 54272K, used 7787K [0x0000000081600000, 0x0000000084b00000, 0x00000000d5d00000)
  object space 54272K, 14% used [0x0000000081600000,0x0000000081d9ada0,0x0000000084b00000)
 Metaspace       used 20857K, capacity 21174K, committed 21296K, reserved 1069056K
  class space    used 2539K, capacity 2646K, committed 2688K, reserved 1048576K
}
Event: 18.316 GC heap before
{Heap before GC invocations=9 (full 1):
 PSYoungGen      total 71680K, used 66560K [0x00000000d5d00000, 0x00000000da800000, 0x0000000100000000)
  eden space 66560K, 100% used [0x00000000d5d00000,0x00000000d9e00000,0x00000000d9e00000)
  from space 5120K, 0% used [0x00000000d9e00000,0x00000000d9e00000,0x00000000da300000)
  to   space 5120K, 0% used [0x00000000da300000,0x00000000da300000,0x00000000da800000)
 ParOldGen       total 54272K, used 7787K [0x0000000081600000, 0x0000000084b00000, 0x00000000d5d00000)
  object space 54272K, 14% used [0x0000000081600000,0x0000000081d9ada0,0x0000000084b00000)
 Metaspace       used 22063K, capacity 22422K, committed 22576K, reserved 1069056K
  class space    used 2767K, capacity 2870K, committed 2944K, reserved 1048576K
Event: 18.325 GC heap after
Heap after GC invocations=9 (full 1):
 PSYoungGen      total 65024K, used 3456K [0x00000000d5d00000, 0x00000000de700000, 0x0000000100000000)
  eden space 59904K, 0% used [0x00000000d5d00000,0x00000000d5d00000,0x00000000d9780000)
  from space 5120K, 67% used [0x00000000da300000,0x00000000da660000,0x00000000da800000)
  to   space 11776K, 0% used [0x00000000d9780000,0x00000000d9780000,0x00000000da300000)
 ParOldGen       total 54272K, used 7795K [0x0000000081600000, 0x0000000084b00000, 0x00000000d5d00000)
  object space 54272K, 14% used [0x0000000081600000,0x0000000081d9cda0,0x0000000084b00000)
 Metaspace       used 22063K, capacity 22422K, committed 22576K, reserved 1069056K
  class space    used 2767K, capacity 2870K, committed 2944K, reserved 1048576K
}

